This file contains any messages produced by compilers while
running configure, to aid debugging if configure makes a mistake.

It was created by configure, which was
generated by GNU Autoconf 2.69.  Invocation command line was

  $ ./configure --with-openssl --with-php-config=/data/service/php-dev-5.5.28/bin/php-config

## --------- ##
## Platform. ##
## --------- ##

hostname = leimingdeMacBook-Air.local
uname -m = x86_64
uname -r = 16.4.0
uname -s = Darwin
uname -v = Darwin Kernel Version 16.4.0: Thu Dec 22 22:53:21 PST 2016; root:xnu-3789.41.3~3/RELEASE_X86_64

/usr/bin/uname -p = i386
/bin/uname -X     = unknown

/bin/arch              = unknown
/usr/bin/arch -k       = unknown
/usr/convex/getsysinfo = unknown
/usr/bin/hostinfo      = Mach kernel version:
	 Darwin Kernel Version 16.4.0: Thu Dec 22 22:53:21 PST 2016; root:xnu-3789.41.3~3/RELEASE_X86_64
Kernel configured for up to 4 processors.
2 processors are physically available.
4 processors are logically available.
Processor type: x86_64h (Intel x86-64h Haswell)
Processors active: 0 1 2 3
Primary memory available: 8.00 gigabytes
Default processor set: 325 tasks, 1649 threads, 4 processors
Load average: 4.93, Mach factor: 0.47
/bin/machine           = unknown
/usr/bin/oslevel       = unknown
/bin/universe          = unknown

PATH: /usr/local/opt/redis@2.6/bin
PATH: /usr/local/sbin
PATH: /usr/local/opt/mysql@5.6/bin
PATH: /usr/local/opt/redis@2.6/bin
PATH: /usr/local/sbin
PATH: /usr/local/opt/mysql@5.6/bin
PATH: /usr/local/bin
PATH: /data/service/php-dev-5.5.28/sbin/
PATH: /data/service/php-dev-5.5.28/bin/
PATH: /usr/local/Cellar/mongodb/3.4.2/bin
PATH: /usr/local/bin
PATH: /usr/local/sbib
PATH: /usr/local/bin
PATH: /usr/local/sbib
PATH: /usr/local/bin
PATH: /usr/local/sbib
PATH: /usr/local/bin
PATH: /data/service/php-dev-5.5.28/sbin/
PATH: /data/service/php-dev-5.5.28/bin/
PATH: /usr/local/Cellar/mongodb/3.4.2/bin
PATH: /usr/local/bin
PATH: /usr/local/sbib
PATH: /usr/local/bin
PATH: /usr/local/sbib
PATH: /usr/local/bin
PATH: /usr/local/sbib
PATH: /usr/local/bin
PATH: /data/service/php-dev-5.5.28/sbin/
PATH: /data/service/php-dev-5.5.28/bin/
PATH: /usr/local/Cellar/mongodb/3.4.2/bin
PATH: /usr/local/bin
PATH: /usr/local/sbib
PATH: /usr/local/bin
PATH: /usr/local/sbib
PATH: /usr/local/bin
PATH: /usr/local/sbib
PATH: /usr/local/opt/redis@2.6/bin
PATH: /usr/local/sbin
PATH: /usr/local/opt/mysql@5.6/bin
PATH: /usr/local/bin
PATH: /usr/bin
PATH: /bin
PATH: /usr/sbin
PATH: /sbin
PATH: /var/www/go/project/bin
PATH: /var/www/go/project/bin
PATH: /var/www/go/project/bin
PATH: /var/www/go/project/bin


## ----------- ##
## Core tests. ##
## ----------- ##

configure:2299: checking for grep that handles long lines and -e
configure:2357: result: /usr/bin/grep
configure:2362: checking for egrep
configure:2424: result: /usr/bin/grep -E
configure:2429: checking for a sed that does not truncate output
configure:2483: result: /usr/bin/sed
configure:2615: checking for cc
configure:2631: found /usr/bin/cc
configure:2642: result: cc
configure:2673: checking for C compiler version
configure:2682: cc --version >&5
Apple LLVM version 8.1.0 (clang-802.0.42)
Target: x86_64-apple-darwin16.4.0
Thread model: posix
InstalledDir: /Library/Developer/CommandLineTools/usr/bin
configure:2693: $? = 0
configure:2682: cc -v >&5
Apple LLVM version 8.1.0 (clang-802.0.42)
Target: x86_64-apple-darwin16.4.0
Thread model: posix
InstalledDir: /Library/Developer/CommandLineTools/usr/bin
configure:2693: $? = 0
configure:2682: cc -V >&5
clang: error: argument to '-V' is missing (expected 1 value)
clang: error: no input files
configure:2693: $? = 1
configure:2682: cc -qversion >&5
clang: error: unknown argument: '-qversion'
clang: error: no input files
configure:2693: $? = 1
configure:2713: checking whether the C compiler works
configure:2735: cc    conftest.c  >&5
configure:2739: $? = 0
configure:2787: result: yes
configure:2790: checking for C compiler default output file name
configure:2792: result: a.out
configure:2798: checking for suffix of executables
configure:2805: cc -o conftest    conftest.c  >&5
configure:2809: $? = 0
configure:2831: result: 
configure:2853: checking whether we are cross compiling
configure:2861: cc -o conftest    conftest.c  >&5
configure:2865: $? = 0
configure:2872: ./conftest
configure:2876: $? = 0
configure:2891: result: no
configure:2896: checking for suffix of object files
configure:2918: cc -c   conftest.c >&5
configure:2922: $? = 0
configure:2943: result: o
configure:2947: checking whether we are using the GNU C compiler
configure:2966: cc -c   conftest.c >&5
configure:2966: $? = 0
configure:2975: result: yes
configure:2984: checking whether cc accepts -g
configure:3004: cc -c -g  conftest.c >&5
configure:3004: $? = 0
configure:3045: result: yes
configure:3062: checking for cc option to accept ISO C89
configure:3125: cc  -c -g -O2  conftest.c >&5
configure:3125: $? = 0
configure:3138: result: none needed
configure:3164: checking how to run the C preprocessor
configure:3195: cc -E  conftest.c
configure:3195: $? = 0
configure:3209: cc -E  conftest.c
conftest.c:9:10: fatal error: 'ac_nonexistent.h' file not found
#include <ac_nonexistent.h>
         ^
1 error generated.
configure:3209: $? = 1
configure: failed program was:
| /* confdefs.h */
| #define PACKAGE_NAME ""
| #define PACKAGE_TARNAME ""
| #define PACKAGE_VERSION ""
| #define PACKAGE_STRING ""
| #define PACKAGE_BUGREPORT ""
| #define PACKAGE_URL ""
| /* end confdefs.h.  */
| #include <ac_nonexistent.h>
configure:3234: result: cc -E
configure:3254: cc -E  conftest.c
configure:3254: $? = 0
configure:3268: cc -E  conftest.c
conftest.c:9:10: fatal error: 'ac_nonexistent.h' file not found
#include <ac_nonexistent.h>
         ^
1 error generated.
configure:3268: $? = 1
configure: failed program was:
| /* confdefs.h */
| #define PACKAGE_NAME ""
| #define PACKAGE_TARNAME ""
| #define PACKAGE_VERSION ""
| #define PACKAGE_STRING ""
| #define PACKAGE_BUGREPORT ""
| #define PACKAGE_URL ""
| /* end confdefs.h.  */
| #include <ac_nonexistent.h>
configure:3299: checking for icc
configure:3308: result: no
configure:3322: checking for suncc
configure:3331: result: no
configure:3349: checking whether cc understands -c and -o together
configure:3377: cc -c conftest.c -o conftest2.o >&5
configure:3381: $? = 0
configure:3387: cc -c conftest.c -o conftest2.o >&5
configure:3391: $? = 0
configure:3446: result: yes
configure:3460: checking for system library directory
configure:3475: result: lib
configure:3482: checking if compiler supports -R
configure:3501: cc -o conftest -g -O2   conftest.c -R /usr/lib  >&5
warning: unknown remark option '-R' [-Wunknown-warning-option]
1 warning generated.
ld: can't map file, errno=22 file '/usr/lib' for architecture x86_64
clang: error: linker command failed with exit code 1 (use -v to see invocation)
configure:3501: $? = 1
configure: failed program was:
| /* confdefs.h */
| #define PACKAGE_NAME ""
| #define PACKAGE_TARNAME ""
| #define PACKAGE_VERSION ""
| #define PACKAGE_STRING ""
| #define PACKAGE_BUGREPORT ""
| #define PACKAGE_URL ""
| /* end confdefs.h.  */
| 
| int
| main ()
| {
| 
|   ;
|   return 0;
| }
configure:3511: result: no
configure:3516: checking if compiler supports -Wl,-rpath,
configure:3535: cc -o conftest -g -O2   conftest.c -Wl,-rpath,/usr/lib  >&5
configure:3535: $? = 0
configure:3545: result: yes
configure:3590: checking build system type
configure:3604: result: x86_64-apple-darwin16.4.0
configure:3624: checking host system type
configure:3637: result: x86_64-apple-darwin16.4.0
configure:3657: checking target system type
configure:3670: result: x86_64-apple-darwin16.4.0
configure:3773: checking for PHP prefix
configure:3775: result: /data/service/php-dev-5.5.28
configure:3777: checking for PHP includes
configure:3779: result: -I/data/service/php-dev-5.5.28/include/php -I/data/service/php-dev-5.5.28/include/php/main -I/data/service/php-dev-5.5.28/include/php/TSRM -I/data/service/php-dev-5.5.28/include/php/Zend -I/data/service/php-dev-5.5.28/include/php/ext -I/data/service/php-dev-5.5.28/include/php/ext/date/lib
configure:3781: checking for PHP extension directory
configure:3783: result: /data/service/php-dev-5.5.28/lib/php/extensions/debug-zts-20121212
configure:3785: checking for PHP installed headers prefix
configure:3787: result: /data/service/php-dev-5.5.28/include/php
configure:3790: checking if debug is enabled
configure:3816: result: yes
configure:3819: checking if zts is enabled
configure:3845: result: yes
configure:3916: checking for re2c
configure:3932: found /usr/local/bin/re2c
configure:3943: result: re2c
configure:3952: checking for re2c version
configure:3966: result: 0.15.3 (ok)
configure:3985: checking for gawk
configure:4016: result: no
configure:3985: checking for nawk
configure:4016: result: no
configure:3985: checking for awk
configure:4002: found /usr/bin/awk
configure:4013: result: awk
configure:4036: checking if awk is broken
configure:4043: result: no
configure:4057: checking for OpenSSL support
configure:4097: result: yes, shared
configure:4106: checking for Kerberos support
configure:4121: result: no
configure:4800: checking for DSA_get_default_method in -lssl
configure:4825: cc -o conftest -g  -O0   conftest.c -lssl   >&5
Undefined symbols for architecture x86_64:
  "_DSA_get_default_method", referenced from:
      _main in conftest-57d71d.o
ld: symbol(s) not found for architecture x86_64
clang: error: linker command failed with exit code 1 (use -v to see invocation)
configure:4825: $? = 1
configure: failed program was:
| /* confdefs.h */
| #define PACKAGE_NAME ""
| #define PACKAGE_TARNAME ""
| #define PACKAGE_VERSION ""
| #define PACKAGE_STRING ""
| #define PACKAGE_BUGREPORT ""
| #define PACKAGE_URL ""
| #define COMPILE_DL_OPENSSL 1
| /* end confdefs.h.  */
| 
| /* Override any GCC internal prototype to avoid an error.
|    Use char because int might match the return type of a GCC
|    builtin and then its argument prototype would still apply.  */
| #ifdef __cplusplus
| extern "C"
| #endif
| char DSA_get_default_method ();
| int
| main ()
| {
| return DSA_get_default_method ();
|   ;
|   return 0;
| }
configure:4834: result: no
configure:4842: checking for X509_free in -lcrypto
configure:4867: cc -o conftest -g  -O0   conftest.c -lcrypto   >&5
configure:4867: $? = 0
configure:4876: result: yes
configure:4886: checking for RAND_egd
configure:4886: cc -o conftest -g  -O0   conftest.c  >&5
Undefined symbols for architecture x86_64:
  "_RAND_egd", referenced from:
      _main in conftest-4a6a5b.o
ld: symbol(s) not found for architecture x86_64
clang: error: linker command failed with exit code 1 (use -v to see invocation)
configure:4886: $? = 1
configure: failed program was:
| /* confdefs.h */
| #define PACKAGE_NAME ""
| #define PACKAGE_TARNAME ""
| #define PACKAGE_VERSION ""
| #define PACKAGE_STRING ""
| #define PACKAGE_BUGREPORT ""
| #define PACKAGE_URL ""
| #define COMPILE_DL_OPENSSL 1
| #define HAVE_DSA_DEFAULT_METHOD 1
| /* end confdefs.h.  */
| /* Define RAND_egd to an innocuous variant, in case <limits.h> declares RAND_egd.
|    For example, HP-UX 11i <limits.h> declares gettimeofday.  */
| #define RAND_egd innocuous_RAND_egd
| 
| /* System header to define __stub macros and hopefully few prototypes,
|     which can conflict with char RAND_egd (); below.
|     Prefer <limits.h> to <assert.h> if __STDC__ is defined, since
|     <limits.h> exists even on freestanding compilers.  */
| 
| #ifdef __STDC__
| # include <limits.h>
| #else
| # include <assert.h>
| #endif
| 
| #undef RAND_egd
| 
| /* Override any GCC internal prototype to avoid an error.
|    Use char because int might match the return type of a GCC
|    builtin and then its argument prototype would still apply.  */
| #ifdef __cplusplus
| extern "C"
| #endif
| char RAND_egd ();
| /* The GNU C library defines this for functions which it implements
|     to always fail with ENOSYS.  Some functions are actually named
|     something starting with __ and the normal name is an alias.  */
| #if defined __stub_RAND_egd || defined __stub___RAND_egd
| choke me
| #endif
| 
| int
| main ()
| {
| return RAND_egd ();
|   ;
|   return 0;
| }
configure:4886: result: no
configure:4913: checking for pkg-config
configure:4944: result: no
configure:5116: error: Cannot find OpenSSL's <evp.h>

## ---------------- ##
## Cache variables. ##
## ---------------- ##

ac_cv_build=x86_64-apple-darwin16.4.0
ac_cv_c_compiler_gnu=yes
ac_cv_env_CC_set=
ac_cv_env_CC_value=
ac_cv_env_CFLAGS_set=
ac_cv_env_CFLAGS_value=
ac_cv_env_CPPFLAGS_set=
ac_cv_env_CPPFLAGS_value=
ac_cv_env_CPP_set=
ac_cv_env_CPP_value=
ac_cv_env_LDFLAGS_set=
ac_cv_env_LDFLAGS_value=
ac_cv_env_LIBS_set=
ac_cv_env_LIBS_value=
ac_cv_env_build_alias_set=
ac_cv_env_build_alias_value=
ac_cv_env_host_alias_set=
ac_cv_env_host_alias_value=
ac_cv_env_target_alias_set=
ac_cv_env_target_alias_value=
ac_cv_func_RAND_egd=no
ac_cv_host=x86_64-apple-darwin16.4.0
ac_cv_lib_crypto_X509_free=yes
ac_cv_lib_ssl_DSA_get_default_method=no
ac_cv_objext=o
ac_cv_path_EGREP='/usr/bin/grep -E'
ac_cv_path_GREP=/usr/bin/grep
ac_cv_path_PKG_CONFIG=no
ac_cv_prog_AWK=awk
ac_cv_prog_CPP='cc -E'
ac_cv_prog_RE2C=re2c
ac_cv_prog_ac_ct_CC=cc
ac_cv_prog_cc_c89=
ac_cv_prog_cc_cc_c_o=yes
ac_cv_prog_cc_g=yes
ac_cv_target=x86_64-apple-darwin16.4.0
lt_cv_path_SED=/usr/bin/sed
php_cv_cc_dashr=no
php_cv_cc_rpath=yes
php_cv_re2c_version='0.15.3 (ok)'

## ----------------- ##
## Output variables. ##
## ----------------- ##

AR=''
AWK='awk'
CC='cc'
CFLAGS='-g  -O0'
CONFIGURE_COMMAND=' '\''./configure'\''  '\''--with-openssl'\'' '\''--with-php-config=/data/service/php-dev-5.5.28/bin/php-config'\'''
CONFIGURE_OPTIONS=' '\''--with-openssl'\'' '\''--with-php-config=/data/service/php-dev-5.5.28/bin/php-config'\'''
CPP='cc -E'
CPPFLAGS=''
DEFS=''
DSYMUTIL=''
ECHO='/bin/echo'
ECHO_C='\c'
ECHO_N=''
ECHO_T=''
EGREP='/usr/bin/grep -E'
EXEEXT=''
GREP='/usr/bin/grep'
KRB5_CONFIG=''
LDFLAGS=''
LIBOBJS=''
LIBS=''
LIBTOOL=''
LN_S=''
LTLIBOBJS=''
NMEDIT=''
OBJEXT='o'
OPENSSL_INCDIR_OPT=''
PACKAGE_BUGREPORT=''
PACKAGE_NAME=''
PACKAGE_STRING=''
PACKAGE_TARNAME=''
PACKAGE_URL=''
PACKAGE_VERSION=''
PATH_SEPARATOR=':'
PKG_CONFIG='no'
RANLIB=''
RE2C='re2c'
SED='/usr/bin/sed'
SHELL='/bin/sh'
SHLIB_DL_SUFFIX_NAME='so'
SHLIB_SUFFIX_NAME='dylib'
STRIP=''
ac_ct_CC='cc'
bindir='${exec_prefix}/bin'
build='x86_64-apple-darwin16.4.0'
build_alias=''
build_cpu='x86_64'
build_os='darwin16.4.0'
build_vendor='apple'
datadir='${datarootdir}'
datarootdir='${prefix}/share'
docdir='${datarootdir}/doc/${PACKAGE}'
dvidir='${docdir}'
exec_prefix='NONE'
host='x86_64-apple-darwin16.4.0'
host_alias='x86_64-apple-darwin16.4.0'
host_cpu='x86_64'
host_os='darwin16.4.0'
host_vendor='apple'
htmldir='${docdir}'
includedir='${prefix}/include'
infodir='${datarootdir}/info'
libdir='${exec_prefix}/lib'
libexecdir='${exec_prefix}/libexec'
localedir='${datarootdir}/locale'
localstatedir='${prefix}/var'
mandir='${datarootdir}/man'
oldincludedir='/usr/include'
pdfdir='${docdir}'
prefix='/data/service/php-dev-5.5.28'
program_transform_name='s,x,x,'
psdir='${docdir}'
sbindir='${exec_prefix}/sbin'
sharedstatedir='${prefix}/com'
sysconfdir='${prefix}/etc'
target='x86_64-apple-darwin16.4.0'
target_alias=''
target_cpu='x86_64'
target_os='darwin16.4.0'
target_vendor='apple'

## ----------- ##
## confdefs.h. ##
## ----------- ##

/* confdefs.h */
#define PACKAGE_NAME ""
#define PACKAGE_TARNAME ""
#define PACKAGE_VERSION ""
#define PACKAGE_STRING ""
#define PACKAGE_BUGREPORT ""
#define PACKAGE_URL ""
#define COMPILE_DL_OPENSSL 1
#define HAVE_DSA_DEFAULT_METHOD 1

configure: exit 1
